[debug] [2021-04-08T12:23:48.521Z] ----------------------------------------------------------------------
[debug] [2021-04-08T12:23:48.524Z] Command:       C:\Program Files\nodejs\node.exe C:\Users\Chris\AppData\Roaming\npm\node_modules\firebase-tools\lib\bin\firebase.js init
[debug] [2021-04-08T12:23:48.524Z] CLI Version:   9.9.0
[debug] [2021-04-08T12:23:48.524Z] Platform:      win32
[debug] [2021-04-08T12:23:48.525Z] Node Version:  v12.19.0
[debug] [2021-04-08T12:23:48.526Z] Time:          Thu Apr 08 2021 08:23:48 GMT-0400 (GMT-04:00)
[debug] [2021-04-08T12:23:48.527Z] ----------------------------------------------------------------------
[debug] 
[debug] [2021-04-08T12:23:48.535Z] > command requires scopes: ["email","openid","https://www.googleapis.com/auth/cloudplatformprojects.readonly","https://www.googleapis.com/auth/firebase","https://www.googleapis.com/auth/cloud-platform"]
[debug] [2021-04-08T12:23:48.535Z] > authorizing via signed-in user (chrisdietrich3666@gmail.com)
[info] 
     ######## #### ########  ######## ########     ###     ######  ########
     ##        ##  ##     ## ##       ##     ##  ##   ##  ##       ##
     ######    ##  ########  ######   ########  #########  ######  ######
     ##        ##  ##    ##  ##       ##     ## ##     ##       ## ##
     ##       #### ##     ## ######## ########  ##     ##  ######  ########

You're about to initialize a Firebase project in this directory:

  C:\Users\Chris\OneDrive\Current Projects\dietrich-landcare-react

[info] 
=== Project Setup
[info] 
[info] First, let's associate this project directory with a Firebase project.
[info] You can create multiple project aliases by running firebase use --add, 
[info] but for now we'll just set up a default project.
[info] 
[debug] [2021-04-08T12:27:04.079Z] >>> [apiv2][query] GET https://firebase.googleapis.com/v1beta1/projects pageSize=100
[debug] [2021-04-08T12:27:04.621Z] <<< [apiv2][status] GET https://firebase.googleapis.com/v1beta1/projects 200
[debug] [2021-04-08T12:27:04.622Z] <<< [apiv2][body] GET https://firebase.googleapis.com/v1beta1/projects [omitted]
[info] i  Using project dietrich-landcare (Dietrich LandCare) 
[info] 
=== Hosting Setup
[info] 
[info] Your public directory is the folder (relative to your project directory) that
[info] will contain Hosting assets to be uploaded with firebase deploy. If you
[info] have a build process for your assets, use your build's output directory.
[info] 
